mode: set
github.com/heathcliff26/containers/apps/simple-fileserver/cmd/cmd.go:13.13,20.2 6 1
github.com/heathcliff26/containers/apps/simple-fileserver/cmd/cmd.go:22.41,23.39 1 1
github.com/heathcliff26/containers/apps/simple-fileserver/cmd/cmd.go:23.39,25.3 1 1
github.com/heathcliff26/containers/apps/simple-fileserver/cmd/cmd.go:28.45,29.39 1 1
github.com/heathcliff26/containers/apps/simple-fileserver/cmd/cmd.go:29.39,31.3 1 1
github.com/heathcliff26/containers/apps/simple-fileserver/cmd/cmd.go:35.17,36.19 1 1
github.com/heathcliff26/containers/apps/simple-fileserver/cmd/cmd.go:36.19,38.3 1 1
github.com/heathcliff26/containers/apps/simple-fileserver/cmd/cmd.go:40.2,40.25 1 1
github.com/heathcliff26/containers/apps/simple-fileserver/cmd/cmd.go:40.25,41.54 1 1
github.com/heathcliff26/containers/apps/simple-fileserver/cmd/cmd.go:41.54,44.18 3 1
github.com/heathcliff26/containers/apps/simple-fileserver/cmd/cmd.go:44.18,46.5 1 1
github.com/heathcliff26/containers/apps/simple-fileserver/cmd/cmd.go:50.2,50.19 1 1
github.com/heathcliff26/containers/apps/simple-fileserver/cmd/cmd.go:50.19,52.3 1 1
github.com/heathcliff26/containers/apps/simple-fileserver/cmd/cmd.go:54.2,54.18 1 1
github.com/heathcliff26/containers/apps/simple-fileserver/cmd/cmd.go:54.18,56.3 1 1
github.com/heathcliff26/containers/apps/simple-fileserver/cmd/cmd.go:58.2,58.19 1 1
github.com/heathcliff26/containers/apps/simple-fileserver/cmd/cmd.go:58.19,60.3 1 1
github.com/heathcliff26/containers/apps/simple-fileserver/cmd/cmd.go:62.2,62.20 1 1
github.com/heathcliff26/containers/apps/simple-fileserver/cmd/cmd.go:62.20,64.3 1 1
github.com/heathcliff26/containers/apps/simple-fileserver/cmd/cmd.go:68.19,72.19 3 1
github.com/heathcliff26/containers/apps/simple-fileserver/cmd/cmd.go:72.19,74.3 1 1
github.com/heathcliff26/containers/apps/simple-fileserver/cmd/cmd.go:75.2,75.72 1 1
github.com/heathcliff26/containers/apps/simple-fileserver/cmd/cmd.go:75.72,77.3 1 1
github.com/heathcliff26/containers/apps/simple-fileserver/cmd/cmd.go:78.2,78.160 1 1
github.com/heathcliff26/containers/apps/simple-fileserver/cmd/main.go:19.13,27.35 5 0
github.com/heathcliff26/containers/apps/simple-fileserver/cmd/main.go:27.35,30.3 2 0
github.com/heathcliff26/containers/apps/simple-fileserver/cmd/main.go:32.2,36.16 4 0
github.com/heathcliff26/containers/apps/simple-fileserver/cmd/main.go:36.16,38.3 1 0
github.com/heathcliff26/containers/apps/simple-fileserver/pkg/fileserver/filesystem.go:13.69,15.16 2 1
github.com/heathcliff26/containers/apps/simple-fileserver/pkg/fileserver/filesystem.go:15.16,17.3 1 0
github.com/heathcliff26/containers/apps/simple-fileserver/pkg/fileserver/filesystem.go:19.2,20.16 2 1
github.com/heathcliff26/containers/apps/simple-fileserver/pkg/fileserver/filesystem.go:20.16,22.3 1 0
github.com/heathcliff26/containers/apps/simple-fileserver/pkg/fileserver/filesystem.go:24.2,24.15 1 1
github.com/heathcliff26/containers/apps/simple-fileserver/pkg/fileserver/filesystem.go:24.15,27.17 3 1
github.com/heathcliff26/containers/apps/simple-fileserver/pkg/fileserver/filesystem.go:27.17,29.23 2 1
github.com/heathcliff26/containers/apps/simple-fileserver/pkg/fileserver/filesystem.go:29.23,31.5 1 0
github.com/heathcliff26/containers/apps/simple-fileserver/pkg/fileserver/filesystem.go:32.4,32.19 1 1
github.com/heathcliff26/containers/apps/simple-fileserver/pkg/fileserver/filesystem.go:36.2,36.15 1 1
github.com/heathcliff26/containers/apps/simple-fileserver/pkg/fileserver/filesystem.go:44.67,46.16 2 1
github.com/heathcliff26/containers/apps/simple-fileserver/pkg/fileserver/filesystem.go:46.16,48.3 1 1
github.com/heathcliff26/containers/apps/simple-fileserver/pkg/fileserver/filesystem.go:50.2,50.15 1 1
github.com/heathcliff26/containers/apps/simple-fileserver/pkg/fileserver/filesystem.go:54.64,56.11 2 1
github.com/heathcliff26/containers/apps/simple-fileserver/pkg/fileserver/filesystem.go:56.11,58.3 1 1
github.com/heathcliff26/containers/apps/simple-fileserver/pkg/fileserver/filesystem.go:58.8,60.3 1 1
github.com/heathcliff26/containers/apps/simple-fileserver/pkg/fileserver/server.go:20.60,26.2 3 1
github.com/heathcliff26/containers/apps/simple-fileserver/pkg/fileserver/server.go:33.61,36.2 2 1
github.com/heathcliff26/containers/apps/simple-fileserver/pkg/fileserver/server.go:38.81,41.11 3 1
github.com/heathcliff26/containers/apps/simple-fileserver/pkg/fileserver/server.go:41.11,42.22 1 1
github.com/heathcliff26/containers/apps/simple-fileserver/pkg/fileserver/server.go:42.22,44.4 1 0
github.com/heathcliff26/containers/apps/simple-fileserver/pkg/fileserver/server.go:45.3,45.119 1 1
github.com/heathcliff26/containers/apps/simple-fileserver/pkg/fileserver/server.go:49.42,51.2 1 0
github.com/heathcliff26/containers/apps/simple-fileserver/pkg/fileserver/server.go:53.47,59.2 1 0
github.com/heathcliff26/containers/apps/simple-fileserver/pkg/fileserver/server.go:61.56,63.19 2 0
github.com/heathcliff26/containers/apps/simple-fileserver/pkg/fileserver/server.go:63.19,66.3 1 0
github.com/heathcliff26/containers/apps/simple-fileserver/pkg/fileserver/server.go:66.8,68.3 1 0
github.com/heathcliff26/containers/apps/simple-fileserver/pkg/fileserver/server.go:71.2,71.42 1 0
github.com/heathcliff26/containers/apps/simple-fileserver/pkg/fileserver/server.go:71.42,73.3 1 0
github.com/heathcliff26/containers/apps/simple-fileserver/pkg/fileserver/server.go:74.2,74.12 1 0
github.com/heathcliff26/containers/apps/simple-fileserver/pkg/fileserver/utils.go:7.43,9.21 2 1
github.com/heathcliff26/containers/apps/simple-fileserver/pkg/fileserver/utils.go:9.21,11.3 1 1
github.com/heathcliff26/containers/apps/simple-fileserver/pkg/fileserver/utils.go:12.2,12.21 1 1
github.com/heathcliff26/containers/apps/simple-fileserver/pkg/fileserver/utils.go:12.21,14.3 1 1
github.com/heathcliff26/containers/apps/simple-fileserver/pkg/fileserver/utils.go:15.2,15.18 1 1
