mode: set
github.com/heathcliff26/containers/apps/simple-fileserver/cmd/cmd.go:13.13,20.2 6 1
github.com/heathcliff26/containers/apps/simple-fileserver/cmd/cmd.go:22.41,23.39 1 1
github.com/heathcliff26/containers/apps/simple-fileserver/cmd/cmd.go:23.39,25.3 1 1
github.com/heathcliff26/containers/apps/simple-fileserver/cmd/cmd.go:28.45,29.39 1 1
github.com/heathcliff26/containers/apps/simple-fileserver/cmd/cmd.go:29.39,31.3 1 1
github.com/heathcliff26/containers/apps/simple-fileserver/cmd/cmd.go:35.17,36.19 1 1
github.com/heathcliff26/containers/apps/simple-fileserver/cmd/cmd.go:36.19,38.3 1 1
github.com/heathcliff26/containers/apps/simple-fileserver/cmd/cmd.go:40.2,40.25 1 1
github.com/heathcliff26/containers/apps/simple-fileserver/cmd/cmd.go:40.25,41.54 1 1
github.com/heathcliff26/containers/apps/simple-fileserver/cmd/cmd.go:41.54,44.18 3 1
github.com/heathcliff26/containers/apps/simple-fileserver/cmd/cmd.go:44.18,46.5 1 1
github.com/heathcliff26/containers/apps/simple-fileserver/cmd/cmd.go:50.2,50.19 1 1
github.com/heathcliff26/containers/apps/simple-fileserver/cmd/cmd.go:50.19,52.3 1 1
github.com/heathcliff26/containers/apps/simple-fileserver/cmd/cmd.go:54.2,54.18 1 1
github.com/heathcliff26/containers/apps/simple-fileserver/cmd/cmd.go:54.18,56.3 1 1
github.com/heathcliff26/containers/apps/simple-fileserver/cmd/cmd.go:58.2,58.19 1 1
github.com/heathcliff26/containers/apps/simple-fileserver/cmd/cmd.go:58.19,60.3 1 1
github.com/heathcliff26/containers/apps/simple-fileserver/cmd/cmd.go:62.2,62.12 1 1
github.com/heathcliff26/containers/apps/simple-fileserver/cmd/cmd.go:62.12,64.3 1 1
github.com/heathcliff26/containers/apps/simple-fileserver/cmd/cmd.go:68.19,72.19 3 1
github.com/heathcliff26/containers/apps/simple-fileserver/cmd/cmd.go:72.19,74.3 1 1
github.com/heathcliff26/containers/apps/simple-fileserver/cmd/cmd.go:75.2,75.72 1 1
github.com/heathcliff26/containers/apps/simple-fileserver/cmd/cmd.go:75.72,77.3 1 1
github.com/heathcliff26/containers/apps/simple-fileserver/cmd/cmd.go:78.2,78.144 1 1
github.com/heathcliff26/containers/apps/simple-fileserver/cmd/main.go:18.38,19.11 1 1
github.com/heathcliff26/containers/apps/simple-fileserver/cmd/main.go:19.11,21.3 1 0
github.com/heathcliff26/containers/apps/simple-fileserver/cmd/main.go:30.69,32.16 2 1
github.com/heathcliff26/containers/apps/simple-fileserver/cmd/main.go:32.16,34.3 1 0
github.com/heathcliff26/containers/apps/simple-fileserver/cmd/main.go:36.2,37.16 2 1
github.com/heathcliff26/containers/apps/simple-fileserver/cmd/main.go:37.16,40.3 2 0
github.com/heathcliff26/containers/apps/simple-fileserver/cmd/main.go:42.2,42.15 1 1
github.com/heathcliff26/containers/apps/simple-fileserver/cmd/main.go:42.15,45.17 3 1
github.com/heathcliff26/containers/apps/simple-fileserver/cmd/main.go:45.17,47.23 2 1
github.com/heathcliff26/containers/apps/simple-fileserver/cmd/main.go:47.23,50.5 2 0
github.com/heathcliff26/containers/apps/simple-fileserver/cmd/main.go:51.4,52.19 2 1
github.com/heathcliff26/containers/apps/simple-fileserver/cmd/main.go:56.2,56.15 1 1
github.com/heathcliff26/containers/apps/simple-fileserver/cmd/main.go:64.67,68.16 3 0
github.com/heathcliff26/containers/apps/simple-fileserver/cmd/main.go:68.16,71.3 2 0
github.com/heathcliff26/containers/apps/simple-fileserver/cmd/main.go:73.2,73.15 1 0
github.com/heathcliff26/containers/apps/simple-fileserver/cmd/main.go:77.63,79.13 2 1
github.com/heathcliff26/containers/apps/simple-fileserver/cmd/main.go:79.13,81.3 1 1
github.com/heathcliff26/containers/apps/simple-fileserver/cmd/main.go:81.8,83.3 1 1
github.com/heathcliff26/containers/apps/simple-fileserver/cmd/main.go:86.13,96.35 7 0
github.com/heathcliff26/containers/apps/simple-fileserver/cmd/main.go:96.35,99.3 2 0
github.com/heathcliff26/containers/apps/simple-fileserver/cmd/main.go:99.8,102.3 2 0
github.com/heathcliff26/containers/apps/simple-fileserver/cmd/main.go:103.2,103.16 1 0
github.com/heathcliff26/containers/apps/simple-fileserver/cmd/main.go:103.16,105.3 1 0
