mode: set
github.com/heathcliff26/containers/apps/cloudflare-dyndns/pkg/client/client.go:25.75,26.17 1 1
github.com/heathcliff26/containers/apps/cloudflare-dyndns/pkg/client/client.go:26.17,28.3 1 1
github.com/heathcliff26/containers/apps/cloudflare-dyndns/pkg/client/client.go:30.2,36.16 3 0
github.com/heathcliff26/containers/apps/cloudflare-dyndns/pkg/client/client.go:36.16,38.3 1 0
github.com/heathcliff26/containers/apps/cloudflare-dyndns/pkg/client/client.go:39.2,39.15 1 0
github.com/heathcliff26/containers/apps/cloudflare-dyndns/pkg/client/client.go:43.54,45.2 1 1
github.com/heathcliff26/containers/apps/cloudflare-dyndns/pkg/client/client.go:48.110,53.16 4 1
github.com/heathcliff26/containers/apps/cloudflare-dyndns/pkg/client/client.go:53.16,55.3 1 0
github.com/heathcliff26/containers/apps/cloudflare-dyndns/pkg/client/client.go:56.2,57.59 2 1
github.com/heathcliff26/containers/apps/cloudflare-dyndns/pkg/client/client.go:57.59,59.3 1 1
github.com/heathcliff26/containers/apps/cloudflare-dyndns/pkg/client/client.go:61.2,65.16 3 1
github.com/heathcliff26/containers/apps/cloudflare-dyndns/pkg/client/client.go:65.16,67.3 1 0
github.com/heathcliff26/containers/apps/cloudflare-dyndns/pkg/client/client.go:68.2,69.27 2 1
github.com/heathcliff26/containers/apps/cloudflare-dyndns/pkg/client/client.go:69.27,71.3 1 0
github.com/heathcliff26/containers/apps/cloudflare-dyndns/pkg/client/client.go:73.2,75.16 3 1
github.com/heathcliff26/containers/apps/cloudflare-dyndns/pkg/client/client.go:75.16,77.3 1 0
github.com/heathcliff26/containers/apps/cloudflare-dyndns/pkg/client/client.go:78.2,78.21 1 1
github.com/heathcliff26/containers/apps/cloudflare-dyndns/pkg/client/client.go:78.21,80.3 1 0
github.com/heathcliff26/containers/apps/cloudflare-dyndns/pkg/client/client.go:81.2,81.20 1 1
github.com/heathcliff26/containers/apps/cloudflare-dyndns/pkg/client/client.go:86.69,92.16 5 1
github.com/heathcliff26/containers/apps/cloudflare-dyndns/pkg/client/client.go:92.16,94.3 1 0
github.com/heathcliff26/containers/apps/cloudflare-dyndns/pkg/client/client.go:96.2,98.16 3 1
github.com/heathcliff26/containers/apps/cloudflare-dyndns/pkg/client/client.go:98.16,100.3 1 0
github.com/heathcliff26/containers/apps/cloudflare-dyndns/pkg/client/client.go:100.8,100.27 1 1
github.com/heathcliff26/containers/apps/cloudflare-dyndns/pkg/client/client.go:100.27,102.3 1 0
github.com/heathcliff26/containers/apps/cloudflare-dyndns/pkg/client/client.go:103.2,103.25 1 1
github.com/heathcliff26/containers/apps/cloudflare-dyndns/pkg/client/client.go:107.95,115.16 4 1
github.com/heathcliff26/containers/apps/cloudflare-dyndns/pkg/client/client.go:115.16,117.3 1 0
github.com/heathcliff26/containers/apps/cloudflare-dyndns/pkg/client/client.go:119.2,121.16 3 1
github.com/heathcliff26/containers/apps/cloudflare-dyndns/pkg/client/client.go:121.16,123.3 1 0
github.com/heathcliff26/containers/apps/cloudflare-dyndns/pkg/client/client.go:124.2,124.21 1 1
github.com/heathcliff26/containers/apps/cloudflare-dyndns/pkg/client/client.go:130.111,133.20 3 1
github.com/heathcliff26/containers/apps/cloudflare-dyndns/pkg/client/client.go:133.20,136.3 2 1
github.com/heathcliff26/containers/apps/cloudflare-dyndns/pkg/client/client.go:137.2,138.23 2 1
github.com/heathcliff26/containers/apps/cloudflare-dyndns/pkg/client/client.go:138.23,140.3 1 1
github.com/heathcliff26/containers/apps/cloudflare-dyndns/pkg/client/client.go:140.8,140.33 1 1
github.com/heathcliff26/containers/apps/cloudflare-dyndns/pkg/client/client.go:140.33,142.3 1 1
github.com/heathcliff26/containers/apps/cloudflare-dyndns/pkg/client/client.go:144.2,153.16 3 1
github.com/heathcliff26/containers/apps/cloudflare-dyndns/pkg/client/client.go:153.16,155.3 1 0
github.com/heathcliff26/containers/apps/cloudflare-dyndns/pkg/client/client.go:157.2,166.16 3 1
github.com/heathcliff26/containers/apps/cloudflare-dyndns/pkg/client/client.go:166.16,168.3 1 0
github.com/heathcliff26/containers/apps/cloudflare-dyndns/pkg/client/client.go:169.2,169.12 1 1
github.com/heathcliff26/containers/apps/cloudflare-dyndns/pkg/client/client.go:174.43,176.16 2 0
github.com/heathcliff26/containers/apps/cloudflare-dyndns/pkg/client/client.go:176.16,178.3 1 0
github.com/heathcliff26/containers/apps/cloudflare-dyndns/pkg/client/client.go:179.2,179.44 1 0
github.com/heathcliff26/containers/apps/cloudflare-dyndns/pkg/client/client.go:179.44,181.17 2 0
github.com/heathcliff26/containers/apps/cloudflare-dyndns/pkg/client/client.go:181.17,183.4 1 0
github.com/heathcliff26/containers/apps/cloudflare-dyndns/pkg/client/client.go:185.3,186.17 2 0
github.com/heathcliff26/containers/apps/cloudflare-dyndns/pkg/client/client.go:186.17,188.4 1 0
github.com/heathcliff26/containers/apps/cloudflare-dyndns/pkg/client/client.go:191.3,192.34 2 0
github.com/heathcliff26/containers/apps/cloudflare-dyndns/pkg/client/client.go:192.34,199.23 2 0
github.com/heathcliff26/containers/apps/cloudflare-dyndns/pkg/client/client.go:200.13,202.42 2 0
github.com/heathcliff26/containers/apps/cloudflare-dyndns/pkg/client/client.go:202.42,203.14 1 0
github.com/heathcliff26/containers/apps/cloudflare-dyndns/pkg/client/client.go:205.16,207.42 2 0
github.com/heathcliff26/containers/apps/cloudflare-dyndns/pkg/client/client.go:207.42,208.14 1 0
github.com/heathcliff26/containers/apps/cloudflare-dyndns/pkg/client/client.go:210.12,211.13 1 0
github.com/heathcliff26/containers/apps/cloudflare-dyndns/pkg/client/client.go:213.4,214.18 2 0
github.com/heathcliff26/containers/apps/cloudflare-dyndns/pkg/client/client.go:214.18,216.5 1 0
github.com/heathcliff26/containers/apps/cloudflare-dyndns/pkg/client/client.go:220.3,220.35 1 0
github.com/heathcliff26/containers/apps/cloudflare-dyndns/pkg/client/client.go:220.35,222.18 2 0
github.com/heathcliff26/containers/apps/cloudflare-dyndns/pkg/client/client.go:222.18,224.5 1 0
github.com/heathcliff26/containers/apps/cloudflare-dyndns/pkg/client/client.go:227.3,227.35 1 0
github.com/heathcliff26/containers/apps/cloudflare-dyndns/pkg/client/client.go:227.35,229.18 2 0
github.com/heathcliff26/containers/apps/cloudflare-dyndns/pkg/client/client.go:229.18,231.5 1 0
github.com/heathcliff26/containers/apps/cloudflare-dyndns/pkg/client/client.go:234.2,234.12 1 0
github.com/heathcliff26/containers/apps/cloudflare-dyndns/pkg/client/utils.go:6.42,10.11 3 1
github.com/heathcliff26/containers/apps/cloudflare-dyndns/pkg/client/utils.go:10.11,12.3 1 1
github.com/heathcliff26/containers/apps/cloudflare-dyndns/pkg/client/utils.go:13.2,13.35 1 1
github.com/heathcliff26/containers/apps/cloudflare-dyndns/pkg/relay/relay.go:20.81,21.17 1 1
github.com/heathcliff26/containers/apps/cloudflare-dyndns/pkg/relay/relay.go:21.17,23.3 1 1
github.com/heathcliff26/containers/apps/cloudflare-dyndns/pkg/relay/relay.go:24.2,24.20 1 1
github.com/heathcliff26/containers/apps/cloudflare-dyndns/pkg/relay/relay.go:24.20,26.3 1 1
github.com/heathcliff26/containers/apps/cloudflare-dyndns/pkg/relay/relay.go:27.2,31.8 1 0
github.com/heathcliff26/containers/apps/cloudflare-dyndns/pkg/relay/relay.go:34.35,36.2 1 1
github.com/heathcliff26/containers/apps/cloudflare-dyndns/pkg/relay/relay.go:39.43,41.2 1 1
github.com/heathcliff26/containers/apps/cloudflare-dyndns/pkg/relay/relay.go:43.32,45.16 2 1
github.com/heathcliff26/containers/apps/cloudflare-dyndns/pkg/relay/relay.go:45.16,47.3 1 0
github.com/heathcliff26/containers/apps/cloudflare-dyndns/pkg/relay/relay.go:48.2,56.16 3 1
github.com/heathcliff26/containers/apps/cloudflare-dyndns/pkg/relay/relay.go:56.16,58.3 1 0
github.com/heathcliff26/containers/apps/cloudflare-dyndns/pkg/relay/relay.go:60.2,61.16 2 1
github.com/heathcliff26/containers/apps/cloudflare-dyndns/pkg/relay/relay.go:61.16,63.3 1 0
github.com/heathcliff26/containers/apps/cloudflare-dyndns/pkg/relay/relay.go:64.2,70.16 4 1
github.com/heathcliff26/containers/apps/cloudflare-dyndns/pkg/relay/relay.go:70.16,72.3 1 0
github.com/heathcliff26/containers/apps/cloudflare-dyndns/pkg/relay/relay.go:73.2,74.27 2 1
github.com/heathcliff26/containers/apps/cloudflare-dyndns/pkg/relay/relay.go:74.27,76.3 1 0
github.com/heathcliff26/containers/apps/cloudflare-dyndns/pkg/relay/relay.go:78.2,80.16 3 1
github.com/heathcliff26/containers/apps/cloudflare-dyndns/pkg/relay/relay.go:80.16,82.3 1 0
github.com/heathcliff26/containers/apps/cloudflare-dyndns/pkg/relay/relay.go:83.2,83.21 1 1
github.com/heathcliff26/containers/apps/cloudflare-dyndns/pkg/relay/relay.go:83.21,85.3 1 0
github.com/heathcliff26/containers/apps/cloudflare-dyndns/pkg/relay/relay.go:86.2,86.12 1 1
github.com/heathcliff26/containers/apps/cloudflare-dyndns/pkg/server/server.go:46.47,53.2 1 0
github.com/heathcliff26/containers/apps/cloudflare-dyndns/pkg/server/server.go:55.53,57.28 2 1
github.com/heathcliff26/containers/apps/cloudflare-dyndns/pkg/server/server.go:57.28,59.3 1 1
github.com/heathcliff26/containers/apps/cloudflare-dyndns/pkg/server/server.go:60.2,60.10 1 1
github.com/heathcliff26/containers/apps/cloudflare-dyndns/pkg/server/server.go:64.62,65.25 1 1
github.com/heathcliff26/containers/apps/cloudflare-dyndns/pkg/server/server.go:65.25,67.3 1 1
github.com/heathcliff26/containers/apps/cloudflare-dyndns/pkg/server/server.go:69.2,69.33 1 1
github.com/heathcliff26/containers/apps/cloudflare-dyndns/pkg/server/server.go:69.33,73.36 4 1
github.com/heathcliff26/containers/apps/cloudflare-dyndns/pkg/server/server.go:73.36,74.20 1 1
github.com/heathcliff26/containers/apps/cloudflare-dyndns/pkg/server/server.go:74.20,76.5 1 1
github.com/heathcliff26/containers/apps/cloudflare-dyndns/pkg/server/server.go:76.10,78.5 1 1
github.com/heathcliff26/containers/apps/cloudflare-dyndns/pkg/server/server.go:79.4,79.25 1 1
github.com/heathcliff26/containers/apps/cloudflare-dyndns/pkg/server/server.go:79.25,81.10 2 1
github.com/heathcliff26/containers/apps/cloudflare-dyndns/pkg/server/server.go:84.3,84.16 1 1
github.com/heathcliff26/containers/apps/cloudflare-dyndns/pkg/server/server.go:84.16,86.4 1 1
github.com/heathcliff26/containers/apps/cloudflare-dyndns/pkg/server/server.go:88.2,88.13 1 1
github.com/heathcliff26/containers/apps/cloudflare-dyndns/pkg/server/server.go:92.76,93.52 1 1
github.com/heathcliff26/containers/apps/cloudflare-dyndns/pkg/server/server.go:93.52,96.3 2 1
github.com/heathcliff26/containers/apps/cloudflare-dyndns/pkg/server/server.go:98.2,98.67 1 1
github.com/heathcliff26/containers/apps/cloudflare-dyndns/pkg/server/server.go:98.67,103.3 4 1
github.com/heathcliff26/containers/apps/cloudflare-dyndns/pkg/server/server.go:105.2,105.91 1 1
github.com/heathcliff26/containers/apps/cloudflare-dyndns/pkg/server/server.go:105.91,110.3 4 1
github.com/heathcliff26/containers/apps/cloudflare-dyndns/pkg/server/server.go:113.2,114.35 2 1
github.com/heathcliff26/containers/apps/cloudflare-dyndns/pkg/server/server.go:114.35,116.17 2 1
github.com/heathcliff26/containers/apps/cloudflare-dyndns/pkg/server/server.go:116.17,121.4 4 1
github.com/heathcliff26/containers/apps/cloudflare-dyndns/pkg/server/server.go:122.8,124.17 2 1
github.com/heathcliff26/containers/apps/cloudflare-dyndns/pkg/server/server.go:124.17,129.4 4 1
github.com/heathcliff26/containers/apps/cloudflare-dyndns/pkg/server/server.go:132.2,132.45 1 1
github.com/heathcliff26/containers/apps/cloudflare-dyndns/pkg/server/server.go:132.45,137.3 4 1
github.com/heathcliff26/containers/apps/cloudflare-dyndns/pkg/server/server.go:140.2,141.16 2 1
github.com/heathcliff26/containers/apps/cloudflare-dyndns/pkg/server/server.go:141.16,146.3 4 1
github.com/heathcliff26/containers/apps/cloudflare-dyndns/pkg/server/server.go:147.2,148.16 2 1
github.com/heathcliff26/containers/apps/cloudflare-dyndns/pkg/server/server.go:148.16,153.3 4 1
github.com/heathcliff26/containers/apps/cloudflare-dyndns/pkg/server/server.go:154.2,155.16 2 1
github.com/heathcliff26/containers/apps/cloudflare-dyndns/pkg/server/server.go:155.16,160.3 4 1
github.com/heathcliff26/containers/apps/cloudflare-dyndns/pkg/server/server.go:161.2,165.16 3 1
github.com/heathcliff26/containers/apps/cloudflare-dyndns/pkg/server/server.go:165.16,166.21 1 1
github.com/heathcliff26/containers/apps/cloudflare-dyndns/pkg/server/server.go:167.23,171.10 4 1
github.com/heathcliff26/containers/apps/cloudflare-dyndns/pkg/server/server.go:172.27,176.10 4 1
github.com/heathcliff26/containers/apps/cloudflare-dyndns/pkg/server/server.go:177.11,186.10 4 0
github.com/heathcliff26/containers/apps/cloudflare-dyndns/pkg/server/server.go:189.2,195.41 2 1
github.com/heathcliff26/containers/apps/cloudflare-dyndns/pkg/server/server.go:199.30,203.19 3 0
github.com/heathcliff26/containers/apps/cloudflare-dyndns/pkg/server/server.go:203.19,205.3 1 0
github.com/heathcliff26/containers/apps/cloudflare-dyndns/pkg/server/server.go:205.8,207.3 1 0
github.com/heathcliff26/containers/apps/cloudflare-dyndns/pkg/server/server.go:209.2,209.42 1 0
github.com/heathcliff26/containers/apps/cloudflare-dyndns/pkg/server/server.go:209.42,212.3 2 0
github.com/heathcliff26/containers/apps/cloudflare-dyndns/pkg/server/server.go:213.2,213.12 1 0
github.com/heathcliff26/containers/apps/cloudflare-dyndns/pkg/server/utils.go:18.69,22.16 3 1
github.com/heathcliff26/containers/apps/cloudflare-dyndns/pkg/server/utils.go:22.16,23.14 1 0
github.com/heathcliff26/containers/apps/cloudflare-dyndns/pkg/server/utils.go:23.14,25.4 1 0
github.com/heathcliff26/containers/apps/cloudflare-dyndns/pkg/server/utils.go:26.3,27.9 2 0
github.com/heathcliff26/containers/apps/cloudflare-dyndns/pkg/server/utils.go:30.2,31.16 2 1
github.com/heathcliff26/containers/apps/cloudflare-dyndns/pkg/server/utils.go:31.16,33.3 1 0
github.com/heathcliff26/containers/apps/cloudflare-dyndns/pkg/server/utils.go:37.64,39.25 2 1
github.com/heathcliff26/containers/apps/cloudflare-dyndns/pkg/server/utils.go:39.25,41.3 1 1
github.com/heathcliff26/containers/apps/cloudflare-dyndns/pkg/server/utils.go:41.8,44.3 1 1
github.com/heathcliff26/containers/apps/cloudflare-dyndns/pkg/server/utils.go:45.2,46.27 2 1
github.com/heathcliff26/containers/apps/cloudflare-dyndns/pkg/server/utils.go:46.27,48.3 1 1
github.com/heathcliff26/containers/apps/cloudflare-dyndns/pkg/server/utils.go:48.8,51.3 1 1
github.com/heathcliff26/containers/apps/cloudflare-dyndns/pkg/server/utils.go:52.2,53.24 2 1
github.com/heathcliff26/containers/apps/cloudflare-dyndns/pkg/server/utils.go:53.24,55.3 1 1
github.com/heathcliff26/containers/apps/cloudflare-dyndns/pkg/server/utils.go:56.2,56.24 1 1
github.com/heathcliff26/containers/apps/cloudflare-dyndns/pkg/server/utils.go:56.24,58.3 1 1
github.com/heathcliff26/containers/apps/cloudflare-dyndns/pkg/server/utils.go:59.2,59.25 1 1
github.com/heathcliff26/containers/apps/cloudflare-dyndns/pkg/server/utils.go:59.25,63.17 4 1
github.com/heathcliff26/containers/apps/cloudflare-dyndns/pkg/server/utils.go:63.17,65.4 1 1
github.com/heathcliff26/containers/apps/cloudflare-dyndns/pkg/server/utils.go:67.2,67.12 1 1
github.com/heathcliff26/containers/apps/cloudflare-dyndns/pkg/config/config.go:27.13,34.2 4 1
github.com/heathcliff26/containers/apps/cloudflare-dyndns/pkg/config/config.go:65.41,66.81 1 1
github.com/heathcliff26/containers/apps/cloudflare-dyndns/pkg/config/config.go:66.81,68.3 1 1
github.com/heathcliff26/containers/apps/cloudflare-dyndns/pkg/config/config.go:69.2,76.12 2 1
github.com/heathcliff26/containers/apps/cloudflare-dyndns/pkg/config/config.go:80.41,81.26 1 1
github.com/heathcliff26/containers/apps/cloudflare-dyndns/pkg/config/config.go:81.26,83.3 1 1
github.com/heathcliff26/containers/apps/cloudflare-dyndns/pkg/config/config.go:85.2,85.58 1 1
github.com/heathcliff26/containers/apps/cloudflare-dyndns/pkg/config/config.go:85.58,87.3 1 1
github.com/heathcliff26/containers/apps/cloudflare-dyndns/pkg/config/config.go:89.2,89.55 1 1
github.com/heathcliff26/containers/apps/cloudflare-dyndns/pkg/config/config.go:89.55,91.3 1 1
github.com/heathcliff26/containers/apps/cloudflare-dyndns/pkg/config/config.go:93.2,100.12 2 1
github.com/heathcliff26/containers/apps/cloudflare-dyndns/pkg/config/config.go:104.29,113.2 1 1
github.com/heathcliff26/containers/apps/cloudflare-dyndns/pkg/config/config.go:121.69,124.39 2 1
github.com/heathcliff26/containers/apps/cloudflare-dyndns/pkg/config/config.go:124.39,127.3 2 1
github.com/heathcliff26/containers/apps/cloudflare-dyndns/pkg/config/config.go:129.2,130.16 2 1
github.com/heathcliff26/containers/apps/cloudflare-dyndns/pkg/config/config.go:130.16,132.3 1 1
github.com/heathcliff26/containers/apps/cloudflare-dyndns/pkg/config/config.go:134.2,134.9 1 1
github.com/heathcliff26/containers/apps/cloudflare-dyndns/pkg/config/config.go:134.9,136.3 1 1
github.com/heathcliff26/containers/apps/cloudflare-dyndns/pkg/config/config.go:138.2,139.16 2 1
github.com/heathcliff26/containers/apps/cloudflare-dyndns/pkg/config/config.go:139.16,141.3 1 1
github.com/heathcliff26/containers/apps/cloudflare-dyndns/pkg/config/config.go:143.2,144.16 2 1
github.com/heathcliff26/containers/apps/cloudflare-dyndns/pkg/config/config.go:144.16,146.3 1 0
github.com/heathcliff26/containers/apps/cloudflare-dyndns/pkg/config/config.go:148.2,148.14 1 1
github.com/heathcliff26/containers/apps/cloudflare-dyndns/pkg/config/config.go:149.19,150.27 1 1
github.com/heathcliff26/containers/apps/cloudflare-dyndns/pkg/config/config.go:151.31,152.27 1 1
github.com/heathcliff26/containers/apps/cloudflare-dyndns/pkg/config/config.go:154.2,154.16 1 1
github.com/heathcliff26/containers/apps/cloudflare-dyndns/pkg/config/config.go:154.16,156.3 1 1
github.com/heathcliff26/containers/apps/cloudflare-dyndns/pkg/config/config.go:158.2,158.51 1 1
github.com/heathcliff26/containers/apps/cloudflare-dyndns/pkg/config/config.go:158.51,160.3 1 1
github.com/heathcliff26/containers/apps/cloudflare-dyndns/pkg/config/config.go:162.2,162.15 1 1
github.com/heathcliff26/containers/apps/cloudflare-dyndns/pkg/config/config.go:166.38,167.32 1 1
github.com/heathcliff26/containers/apps/cloudflare-dyndns/pkg/config/config.go:168.15,169.32 1 1
github.com/heathcliff26/containers/apps/cloudflare-dyndns/pkg/config/config.go:170.14,171.31 1 1
github.com/heathcliff26/containers/apps/cloudflare-dyndns/pkg/config/config.go:172.14,173.31 1 1
github.com/heathcliff26/containers/apps/cloudflare-dyndns/pkg/config/config.go:174.15,175.32 1 1
github.com/heathcliff26/containers/apps/cloudflare-dyndns/pkg/config/config.go:176.10,177.36 1 1
github.com/heathcliff26/containers/apps/cloudflare-dyndns/pkg/config/config.go:179.2,179.12 1 1
github.com/heathcliff26/containers/apps/cloudflare-dyndns/pkg/config/errors.go:9.45,11.2 1 0
github.com/heathcliff26/containers/apps/cloudflare-dyndns/pkg/config/errors.go:17.45,19.2 1 0
github.com/heathcliff26/containers/apps/cloudflare-dyndns/pkg/config/errors.go:23.48,25.2 1 0
github.com/heathcliff26/containers/apps/cloudflare-dyndns/pkg/dyndns/dyndns.go:24.44,26.2 1 1
github.com/heathcliff26/containers/apps/cloudflare-dyndns/pkg/dyndns/dyndns.go:28.35,30.2 1 1
github.com/heathcliff26/containers/apps/cloudflare-dyndns/pkg/dyndns/dyndns.go:32.41,34.2 1 1
github.com/heathcliff26/containers/apps/cloudflare-dyndns/pkg/dyndns/dyndns.go:36.36,38.2 1 1
github.com/heathcliff26/containers/apps/cloudflare-dyndns/pkg/dyndns/dyndns.go:40.36,42.2 1 1
github.com/heathcliff26/containers/apps/cloudflare-dyndns/pkg/dyndns/dyndns.go:45.43,47.2 1 1
github.com/heathcliff26/containers/apps/cloudflare-dyndns/pkg/dyndns/dyndns.go:50.51,52.2 1 1
github.com/heathcliff26/containers/apps/cloudflare-dyndns/pkg/dyndns/dyndns.go:55.47,56.22 1 1
github.com/heathcliff26/containers/apps/cloudflare-dyndns/pkg/dyndns/dyndns.go:56.22,58.3 1 1
github.com/heathcliff26/containers/apps/cloudflare-dyndns/pkg/dyndns/dyndns.go:58.8,60.3 1 1
github.com/heathcliff26/containers/apps/cloudflare-dyndns/pkg/dyndns/dyndns.go:65.48,66.34 1 1
github.com/heathcliff26/containers/apps/cloudflare-dyndns/pkg/dyndns/dyndns.go:66.34,68.3 1 0
github.com/heathcliff26/containers/apps/cloudflare-dyndns/pkg/dyndns/dyndns.go:69.2,70.12 2 1
github.com/heathcliff26/containers/apps/cloudflare-dyndns/pkg/dyndns/dyndns.go:75.48,76.34 1 1
github.com/heathcliff26/containers/apps/cloudflare-dyndns/pkg/dyndns/dyndns.go:76.34,78.3 1 0
github.com/heathcliff26/containers/apps/cloudflare-dyndns/pkg/dyndns/dyndns.go:79.2,80.12 2 1
github.com/heathcliff26/containers/apps/cloudflare-dyndns/pkg/dyndns/dyndns.go:85.40,86.38 1 1
github.com/heathcliff26/containers/apps/cloudflare-dyndns/pkg/dyndns/dyndns.go:86.38,88.3 1 1
github.com/heathcliff26/containers/apps/cloudflare-dyndns/pkg/dyndns/dyndns.go:89.2,89.49 1 1
github.com/heathcliff26/containers/apps/cloudflare-dyndns/pkg/dyndns/dyndns.go:89.49,91.3 1 1
github.com/heathcliff26/containers/apps/cloudflare-dyndns/pkg/dyndns/dyndns.go:92.2,92.12 1 1
github.com/heathcliff26/containers/apps/cloudflare-dyndns/pkg/dyndns/dyndns.go:96.41,98.16 2 1
github.com/heathcliff26/containers/apps/cloudflare-dyndns/pkg/dyndns/dyndns.go:98.16,100.3 1 0
github.com/heathcliff26/containers/apps/cloudflare-dyndns/pkg/dyndns/dyndns.go:101.2,102.16 2 1
github.com/heathcliff26/containers/apps/cloudflare-dyndns/pkg/dyndns/dyndns.go:102.16,104.3 1 0
github.com/heathcliff26/containers/apps/cloudflare-dyndns/pkg/dyndns/dyndns.go:106.2,107.40 2 1
github.com/heathcliff26/containers/apps/cloudflare-dyndns/pkg/dyndns/dyndns.go:107.40,109.17 2 1
github.com/heathcliff26/containers/apps/cloudflare-dyndns/pkg/dyndns/dyndns.go:109.17,112.4 2 0
github.com/heathcliff26/containers/apps/cloudflare-dyndns/pkg/dyndns/dyndns.go:114.2,114.40 1 1
github.com/heathcliff26/containers/apps/cloudflare-dyndns/pkg/dyndns/dyndns.go:114.40,116.17 2 1
github.com/heathcliff26/containers/apps/cloudflare-dyndns/pkg/dyndns/dyndns.go:116.17,119.4 2 0
github.com/heathcliff26/containers/apps/cloudflare-dyndns/pkg/dyndns/dyndns.go:122.2,122.26 1 1
github.com/heathcliff26/containers/apps/cloudflare-dyndns/pkg/dyndns/dyndns.go:122.26,129.17 4 1
github.com/heathcliff26/containers/apps/cloudflare-dyndns/pkg/dyndns/dyndns.go:129.17,131.4 1 1
github.com/heathcliff26/containers/apps/cloudflare-dyndns/pkg/dyndns/dyndns.go:131.9,134.4 2 1
github.com/heathcliff26/containers/apps/cloudflare-dyndns/pkg/dyndns/dyndns.go:135.8,137.3 1 1
github.com/heathcliff26/containers/apps/cloudflare-dyndns/pkg/dyndns/dyndns.go:144.44,149.6 4 0
github.com/heathcliff26/containers/apps/cloudflare-dyndns/pkg/dyndns/dyndns.go:149.6,153.30 3 0
github.com/heathcliff26/containers/apps/cloudflare-dyndns/pkg/dyndns/dyndns.go:153.30,155.11 2 0
github.com/heathcliff26/containers/apps/cloudflare-dyndns/pkg/dyndns/dyndns.go:156.19,157.50 1 0
github.com/heathcliff26/containers/apps/cloudflare-dyndns/pkg/dyndns/dyndns.go:158.16,161.11 3 0
github.com/heathcliff26/containers/apps/cloudflare-dyndns/pkg/dyndns/errors.go:10.41,12.2 1 0
github.com/heathcliff26/containers/apps/cloudflare-dyndns/pkg/dyndns/errors.go:16.44,18.2 1 0
github.com/heathcliff26/containers/apps/cloudflare-dyndns/pkg/dyndns/errors.go:24.39,26.2 1 0
github.com/heathcliff26/containers/apps/cloudflare-dyndns/pkg/dyndns/errors.go:30.33,32.2 1 0
github.com/heathcliff26/containers/apps/cloudflare-dyndns/pkg/dyndns/errors.go:36.37,38.2 1 0
github.com/heathcliff26/containers/apps/cloudflare-dyndns/pkg/dyndns/errors.go:47.87,50.16 3 0
github.com/heathcliff26/containers/apps/cloudflare-dyndns/pkg/dyndns/errors.go:50.16,52.3 1 0
github.com/heathcliff26/containers/apps/cloudflare-dyndns/pkg/dyndns/errors.go:52.8,54.3 1 0
github.com/heathcliff26/containers/apps/cloudflare-dyndns/pkg/dyndns/errors.go:55.2,58.3 1 0
github.com/heathcliff26/containers/apps/cloudflare-dyndns/pkg/dyndns/errors.go:61.47,63.2 1 0
github.com/heathcliff26/containers/apps/cloudflare-dyndns/pkg/dyndns/errors.go:70.45,73.16 3 0
github.com/heathcliff26/containers/apps/cloudflare-dyndns/pkg/dyndns/errors.go:73.16,75.3 1 0
github.com/heathcliff26/containers/apps/cloudflare-dyndns/pkg/dyndns/errors.go:75.8,77.3 1 0
github.com/heathcliff26/containers/apps/cloudflare-dyndns/pkg/dyndns/errors.go:78.2,78.72 1 0
github.com/heathcliff26/containers/apps/cloudflare-dyndns/pkg/dyndns/testclient.go:14.62,15.17 1 0
github.com/heathcliff26/containers/apps/cloudflare-dyndns/pkg/dyndns/testclient.go:15.17,17.3 1 0
github.com/heathcliff26/containers/apps/cloudflare-dyndns/pkg/dyndns/testclient.go:18.2,21.8 1 0
github.com/heathcliff26/containers/apps/cloudflare-dyndns/pkg/dyndns/testclient.go:25.41,27.2 1 1
github.com/heathcliff26/containers/apps/cloudflare-dyndns/pkg/dyndns/testclient.go:30.37,32.16 2 1
github.com/heathcliff26/containers/apps/cloudflare-dyndns/pkg/dyndns/testclient.go:32.16,34.3 1 0
github.com/heathcliff26/containers/apps/cloudflare-dyndns/pkg/dyndns/testclient.go:35.2,35.18 1 1
github.com/heathcliff26/containers/apps/cloudflare-dyndns/pkg/dyndns/testclient.go:35.18,37.3 1 1
github.com/heathcliff26/containers/apps/cloudflare-dyndns/pkg/dyndns/testclient.go:38.2,40.12 2 1
github.com/heathcliff26/containers/apps/cloudflare-dyndns/pkg/dyndns/utils.go:11.30,13.2 1 1
github.com/heathcliff26/containers/apps/cloudflare-dyndns/pkg/dyndns/utils.go:16.32,18.2 1 1
github.com/heathcliff26/containers/apps/cloudflare-dyndns/pkg/dyndns/utils.go:21.32,23.2 1 1
github.com/heathcliff26/containers/apps/cloudflare-dyndns/pkg/dyndns/utils.go:26.28,28.16 2 1
github.com/heathcliff26/containers/apps/cloudflare-dyndns/pkg/dyndns/utils.go:28.16,30.3 1 0
github.com/heathcliff26/containers/apps/cloudflare-dyndns/pkg/dyndns/utils.go:31.2,32.13 2 1
github.com/heathcliff26/containers/apps/cloudflare-dyndns/pkg/dyndns/utils.go:36.50,38.16 2 1
github.com/heathcliff26/containers/apps/cloudflare-dyndns/pkg/dyndns/utils.go:38.16,40.3 1 0
github.com/heathcliff26/containers/apps/cloudflare-dyndns/pkg/dyndns/utils.go:41.2,41.27 1 1
github.com/heathcliff26/containers/apps/cloudflare-dyndns/pkg/dyndns/utils.go:41.27,43.3 1 0
github.com/heathcliff26/containers/apps/cloudflare-dyndns/pkg/dyndns/utils.go:45.2,46.16 2 1
github.com/heathcliff26/containers/apps/cloudflare-dyndns/pkg/dyndns/utils.go:46.16,48.3 1 0
github.com/heathcliff26/containers/apps/cloudflare-dyndns/pkg/dyndns/utils.go:49.2,50.18 2 1
github.com/heathcliff26/containers/apps/cloudflare-dyndns/pkg/dyndns/utils.go:50.18,52.3 1 0
github.com/heathcliff26/containers/apps/cloudflare-dyndns/pkg/dyndns/utils.go:54.2,54.16 1 1
github.com/heathcliff26/containers/apps/cloudflare-dyndns/pkg/dyndns/utils.go:58.38,60.2 1 1
github.com/heathcliff26/containers/apps/cloudflare-dyndns/pkg/dyndns/utils.go:63.38,64.23 1 1
github.com/heathcliff26/containers/apps/cloudflare-dyndns/pkg/dyndns/utils.go:64.23,66.3 1 0
github.com/heathcliff26/containers/apps/cloudflare-dyndns/pkg/dyndns/utils.go:67.2,67.28 1 1
